# JRE version: OpenJDK Runtime Environment (8.0_202-b03) (build 1.8.0_202-release-1483-b03)
# Java VM: OpenJDK 64-Bit Server VM (25.202-b03 mixed mode windows-amd64 compressed oops)
Heap:
 PSYoungGen      total 337408K, used 162918K [0x00000000e0000000, 0x00000000fb180000, 0x0000000100000000)
  eden space 258048K, 57% used [0x00000000e0000000,0x00000000e9131068,0x00000000efc00000)
  from space 79360K, 17% used [0x00000000efc00000,0x00000000f09e88c0,0x00000000f4980000)
  to   space 76288K, 0% used [0x00000000f6700000,0x00000000f6700000,0x00000000fb180000)
 ParOldGen       total 442880K, used 77840K [0x00000000a0000000, 0x00000000bb080000, 0x00000000e0000000)
  object space 442880K, 17% used [0x00000000a0000000,0x00000000a4c04240,0x00000000bb080000)
 Metaspace       used 85760K, capacity 90464K, committed 90624K, reserved 1128448K
  class space    used 11548K, capacity 12471K, committed 12544K, reserved 1048576K
GC Heap History (10 events):
Event: 134.057 GC heap before
{Heap before GC invocations=16 (full 4):
 PSYoungGen      total 254464K, used 31723K [0x00000000e0000000, 0x00000000fbb00000, 0x0000000100000000)
  eden space 222720K, 0% used [0x00000000e0000000,0x00000000e0000000,0x00000000ed980000)
  from space 31744K, 99% used [0x00000000f2c00000,0x00000000f4afae98,0x00000000f4b00000)
  to   space 84480K, 0% used [0x00000000ed980000,0x00000000ed980000,0x00000000f2c00000)
 ParOldGen       total 204288K, used 177181K [0x00000000a0000000, 0x00000000ac780000, 0x00000000e0000000)
  object space 204288K, 86% used [0x00000000a0000000,0x00000000aad07660,0x00000000ac780000)
 Metaspace       used 79733K, capacity 84470K, committed 84736K, reserved 1122304K
  class space    used 11040K, capacity 11951K, committed 12032K, reserved 1048576K
Event: 135.008 GC heap after
Heap after GC invocations=16 (full 4):
 PSYoungGen      total 254464K, used 0K [0x00000000e0000000, 0x00000000fbb00000, 0x0000000100000000)
  eden space 222720K, 0% used [0x00000000e0000000,0x00000000e0000000,0x00000000ed980000)
  from space 31744K, 0% used [0x00000000f2c00000,0x00000000f2c00000,0x00000000f4b00000)
  to   space 84480K, 0% used [0x00000000ed980000,0x00000000ed980000,0x00000000f2c00000)
 ParOldGen       total 442880K, used 155646K [0x00000000a0000000, 0x00000000bb080000, 0x00000000e0000000)
  object space 442880K, 35% used [0x00000000a0000000,0x00000000a97ffaa8,0x00000000bb080000)
 Metaspace       used 79674K, capacity 84304K, committed 84736K, reserved 1122304K
  class space    used 11021K, capacity 11918K, committed 12032K, reserved 1048576K
}
Event: 140.460 GC heap before
{Heap before GC invocations=17 (full 4):
 PSYoungGen      total 254464K, used 222720K [0x00000000e0000000, 0x00000000fbb00000, 0x0000000100000000)
  eden space 222720K, 100% used [0x00000000e0000000,0x00000000ed980000,0x00000000ed980000)
  from space 31744K, 0% used [0x00000000f2c00000,0x00000000f2c00000,0x00000000f4b00000)
  to   space 84480K, 0% used [0x00000000ed980000,0x00000000ed980000,0x00000000f2c00000)
 ParOldGen       total 442880K, used 155652K [0x00000000a0000000, 0x00000000bb080000, 0x00000000e0000000)
  object space 442880K, 35% used [0x00000000a0000000,0x00000000a9801050,0x00000000bb080000)
 Metaspace       used 81565K, capacity 86286K, committed 86528K, reserved 1124352K
  class space    used 11290K, capacity 12274K, committed 12288K, reserved 1048576K
Event: 140.479 GC heap after
Heap after GC invocations=17 (full 4):
 PSYoungGen      total 307200K, used 18275K [0x00000000e0000000, 0x00000000f9a00000, 0x0000000100000000)
  eden space 222720K, 0% used [0x00000000e0000000,0x00000000e0000000,0x00000000ed980000)
  from space 84480K, 21% used [0x00000000ed980000,0x00000000eeb58c20,0x00000000f2c00000)
  to   space 80896K, 0% used [0x00000000f4b00000,0x00000000f4b00000,0x00000000f9a00000)
 ParOldGen       total 442880K, used 155660K [0x00000000a0000000, 0x00000000bb080000, 0x00000000e0000000)
  object space 442880K, 35% used [0x00000000a0000000,0x00000000a9803050,0x00000000bb080000)
 Metaspace       used 81565K, capacity 86286K, committed 86528K, reserved 1124352K
  class space    used 11290K, capacity 12274K, committed 12288K, reserved 1048576K
}
Event: 4776.716 GC heap before
{Heap before GC invocations=18 (full 4):
 PSYoungGen      total 307200K, used 95023K [0x00000000e0000000, 0x00000000f9a00000, 0x0000000100000000)
  eden space 222720K, 34% used [0x00000000e0000000,0x00000000e4af3228,0x00000000ed980000)
  from space 84480K, 21% used [0x00000000ed980000,0x00000000eeb58c20,0x00000000f2c00000)
  to   space 80896K, 0% used [0x00000000f4b00000,0x00000000f4b00000,0x00000000f9a00000)
 ParOldGen       total 442880K, used 155660K [0x00000000a0000000, 0x00000000bb080000, 0x00000000e0000000)
  object space 442880K, 35% used [0x00000000a0000000,0x00000000a9803050,0x00000000bb080000)
 Metaspace       used 84912K, capacity 89726K, committed 90112K, reserved 1126400K
  class space    used 11513K, capacity 12456K, committed 12544K, reserved 1048576K
Event: 4776.851 GC heap after
Heap after GC invocations=18 (full 4):
 PSYoungGen      total 335872K, used 6142K [0x00000000e0000000, 0x00000000f9700000, 0x0000000100000000)
  eden space 258048K, 0% used [0x00000000e0000000,0x00000000e0000000,0x00000000efc00000)
  from space 77824K, 7% used [0x00000000f4b00000,0x00000000f50ffa60,0x00000000f9700000)
  to   space 79360K, 0% used [0x00000000efc00000,0x00000000efc00000,0x00000000f4980000)
 ParOldGen       total 442880K, used 155668K [0x00000000a0000000, 0x00000000bb080000, 0x00000000e0000000)
  object space 442880K, 35% used [0x00000000a0000000,0x00000000a9805050,0x00000000bb080000)
 Metaspace       used 84912K, capacity 89726K, committed 90112K, reserved 1126400K
  class space    used 11513K, capacity 12456K, committed 12544K, reserved 1048576K
}
Event: 4776.851 GC heap before
{Heap before GC invocations=19 (full 5):
 PSYoungGen      total 335872K, used 6142K [0x00000000e0000000, 0x00000000f9700000, 0x0000000100000000)
  eden space 258048K, 0% used [0x00000000e0000000,0x00000000e0000000,0x00000000efc00000)
  from space 77824K, 7% used [0x00000000f4b00000,0x00000000f50ffa60,0x00000000f9700000)
  to   space 79360K, 0% used [0x00000000efc00000,0x00000000efc00000,0x00000000f4980000)
 ParOldGen       total 442880K, used 155668K [0x00000000a0000000, 0x00000000bb080000, 0x00000000e0000000)
  object space 442880K, 35% used [0x00000000a0000000,0x00000000a9805050,0x00000000bb080000)
 Metaspace       used 84912K, capacity 89726K, committed 90112K, reserved 1126400K
  class space    used 11513K, capacity 12456K, committed 12544K, reserved 1048576K
Event: 4778.104 GC heap after
Heap after GC invocations=19 (full 5):
 PSYoungGen      total 335872K, used 0K [0x00000000e0000000, 0x00000000f9700000, 0x0000000100000000)
  eden space 258048K, 0% used [0x00000000e0000000,0x00000000e0000000,0x00000000efc00000)
  from space 77824K, 0% used [0x00000000f4b00000,0x00000000f4b00000,0x00000000f9700000)
  to   space 79360K, 0% used [0x00000000efc00000,0x00000000efc00000,0x00000000f4980000)
 ParOldGen       total 442880K, used 77832K [0x00000000a0000000, 0x00000000bb080000, 0x00000000e0000000)
  object space 442880K, 17% used [0x00000000a0000000,0x00000000a4c02240,0x00000000bb080000)
 Metaspace       used 84162K, capacity 88312K, committed 90112K, reserved 1126400K
  class space    used 11330K, capacity 12103K, committed 12544K, reserved 1048576K
}
Event: 5464.576 GC heap before
{Heap before GC invocations=20 (full 5):
 PSYoungGen      total 335872K, used 258048K [0x00000000e0000000, 0x00000000f9700000, 0x0000000100000000)
  eden space 258048K, 100% used [0x00000000e0000000,0x00000000efc00000,0x00000000efc00000)
  from space 77824K, 0% used [0x00000000f4b00000,0x00000000f4b00000,0x00000000f9700000)
  to   space 79360K, 0% used [0x00000000efc00000,0x00000000efc00000,0x00000000f4980000)
 ParOldGen       total 442880K, used 77832K [0x00000000a0000000, 0x00000000bb080000, 0x00000000e0000000)
  object space 442880K, 17% used [0x00000000a0000000,0x00000000a4c02240,0x00000000bb080000)
 Metaspace       used 84793K, capacity 89332K, committed 90368K, reserved 1126400K
  class space    used 11436K, capacity 12321K, committed 12544K, reserved 1048576K
Event: 5464.762 GC heap after
Heap after GC invocations=20 (full 5):
 PSYoungGen      total 337408K, used 14242K [0x00000000e0000000, 0x00000000fb180000, 0x0000000100000000)
  eden space 258048K, 0% used [0x00000000e0000000,0x00000000e0000000,0x00000000efc00000)
  from space 79360K, 17% used [0x00000000efc00000,0x00000000f09e88c0,0x00000000f4980000)
  to   space 76288K, 0% used [0x00000000f6700000,0x00000000f6700000,0x00000000fb180000)
 ParOldGen       total 442880K, used 77840K [0x00000000a0000000, 0x00000000bb080000, 0x00000000e0000000)
  object space 442880K, 17% used [0x00000000a0000000,0x00000000a4c04240,0x00000000bb080000)
 Metaspace       used 84793K, capacity 89332K, committed 90368K, reserved 1126400K
  class space    used 11436K, capacity 12321K, committed 12544K, reserved 1048576K
}

